<?xml version="1.0" encoding="ISO-8859-1"?>
<FeatureTypeStyle version="1.1.0"
                  xsi:schemaLocation="http://www.opengis.net/se/1.1.0/FeatureStyle.xsd"
                  xmlns="http://www.opengis.net/se"
                  xmlns:ogc="http://www.opengis.net/ogc"
                  xmlns:xlink="http://www.w3.org/1999/xlink"
                  xmlns:xsi="http://www.w3.org/2001/XMLSchema-instance"
                  xmlns:oceansea="http://www.myurl.net/oceansea">
    <Name>TEST FEATURETYPESTYLE</Name>
    <!--  FeatureTypeName is the name of the class/table in the database -->
    <FeatureTypeName>road_arc</FeatureTypeName>
    <Rule>
        <Name>top</Name>
        <MinScaleDenominator>100</MinScaleDenominator>
        <MaxScaleDenominator>1000</MaxScaleDenominator>
        <ogc:Filter>
            <ogc:PropertyIsEqualTo>
                <ogc:PropertyName>num_lanes</ogc:PropertyName>
                <ogc:Literal>4</ogc:Literal>
            </ogc:PropertyIsEqualTo>
        </ogc:Filter>
        <LineSymbolizer
                uom="http://www.opengeospatial.org/sld/units/pixel">
            <Name>ls1</Name>

            <Geometry>
                <ogc:PropertyName>geometry</ogc:PropertyName>
            </Geometry>
            <Stroke>
                <SvgParameter name="stroke">#00FF00</SvgParameter>
                <SvgParameter name="stroke-width">
                    <ogc:Literal>7</ogc:Literal>
                </SvgParameter>
            </Stroke>
        </LineSymbolizer>
        <LineSymbolizer
                uom="http://www.opengeospatial.org/sld/units/pixel">
            <Name>ls2</Name>
            <PerpendicularOffset>
                <ogc:Literal>-1</ogc:Literal>
            </PerpendicularOffset>
            <Stroke>
                <SvgParameter name="stroke">#000000</SvgParameter>
                <SvgParameter name="stroke-width">
                    <ogc:Literal>1</ogc:Literal>
                </SvgParameter>
            </Stroke>

        </LineSymbolizer>

        <LineSymbolizer
                uom="http://www.opengeospatial.org/sld/units/pixel">
            <Geometry>
                <ogc:PropertyName>geometry</ogc:PropertyName>
            </Geometry>
            <PerpendicularOffset>
                <ogc:Literal>1</ogc:Literal>
            </PerpendicularOffset>
            <Stroke>
                <SvgParameter name="stroke">#000000</SvgParameter>
                <SvgParameter name="stroke-width">
                    <ogc:Literal>1</ogc:Literal>
                </SvgParameter>
            </Stroke>
        </LineSymbolizer>

        <LineSymbolizer
                uom="http://www.opengeospatial.org/sld/units/pixel">
            <Geometry>
                <ogc:PropertyName>geometry</ogc:PropertyName>
            </Geometry>

            <Stroke>
                <SvgParameter name="stroke">#FFFF00</SvgParameter>
                <SvgParameter name="stroke-width">
                    <ogc:Literal>2</ogc:Literal>
                </SvgParameter>
            </Stroke>

        </LineSymbolizer>
    </Rule>
    <Rule>
        <Name>bottom</Name>
        <LineSymbolizer>
            <Geometry><ogc:PropertyName>geometry</ogc:PropertyName></Geometry>
            <Stroke>
                <SvgParameter name="stroke">#FFFFFF</SvgParameter>
            </Stroke>
        </LineSymbolizer>
    </Rule>
    <Rule>
        <Name>bottom</Name>
        <ElseFilter/>
        <LineSymbolizer>
            <Geometry><ogc:PropertyName>geometry</ogc:PropertyName></Geometry>
            <Stroke>
                <SvgParameter name="stroke">#FFFFFF</SvgParameter>
            </Stroke>
        </LineSymbolizer>
    </Rule>

</FeatureTypeStyle>